2024-12-02 15:09:03,498 [Worker-4: Loading available Gradle versions] INFO  o.e.b.c.i.u.g.PublishedGradleVersions - Gradle version information cache is up-to-date. Trying to read.
2024-12-02 15:09:28,630 [Worker-3: Importing Maven projects] INFO  o.e.m.c.i.l.LifecycleMappingFactory - Using org.eclipse.m2e.jdt.JarLifecycleMapping lifecycle mapping for MavenProject: com.quipux:Colegio:0.0.1-SNAPSHOT @ /home/semillero/proyecto-colegio-quipux/fuentes/backend/Colegio/pom.xml.
2024-12-02 15:09:33,030 [Worker-3: Importing Maven projects] INFO  o.e.m.j.i.AbstractJavaProjectConfigurator - Adding source folder /Colegio/src/main/java
2024-12-02 15:09:33,031 [Worker-3: Importing Maven projects] INFO  o.e.m.j.i.AbstractJavaProjectConfigurator - Adding resource folder /Colegio/src/main/resources
2024-12-02 15:09:33,031 [Worker-3: Importing Maven projects] INFO  o.e.m.j.i.AbstractJavaProjectConfigurator - Adding source folder /Colegio/src/test/java
2024-12-02 15:09:33,032 [Worker-3: Importing Maven projects] INFO  o.e.m.j.i.AbstractJavaProjectConfigurator - Adding resource folder /Colegio/src/test/resources
2024-12-02 15:09:33,969 [Worker-3: Importing Maven projects] INFO  o.e.m.c.i.p.ProjectConfigurationManager - Imported and configured 1 project(s) in 9 sec
2024-12-02 15:09:40,869 [Worker-4: Building] WARN  o.a.m.s.f.DefaultMavenResourcesFiltering - Using platform encoding (UTF-8 actually) to copy filtered resources, i.e. build is platform dependent!
2024-12-02 15:09:40,947 [Worker-4: Building] INFO  o.a.m.s.f.DefaultMavenResourcesFiltering - Copying 1 resource from src/main/resources to target/classes
2024-12-02 15:09:41,063 [Worker-4: Building] WARN  o.a.m.s.f.DefaultMavenResourcesFiltering - Using platform encoding (UTF-8 actually) to copy filtered resources, i.e. build is platform dependent!
2024-12-02 15:09:41,063 [Worker-4: Building] INFO  o.a.m.s.f.DefaultMavenResourcesFiltering - skip non existing resourceDirectory /home/semillero/proyecto-colegio-quipux/fuentes/backend/Colegio/src/test/resources
2024-12-02 15:10:00,671 [Worker-0: Launching Executing install in _home_semillero_proyecto-colegio-quipux_fuentes_backend_Colegio] INFO  o.eclipse.m2e.core.internal.Bundles - getClasspathEntries(Bundle=org.eclipse.m2e.maven.runtime_3.9.900.20240824-1409 [640])
2024-12-02 15:10:00,672 [Worker-0: Launching Executing install in _home_semillero_proyecto-colegio-quipux_fuentes_backend_Colegio] INFO  o.eclipse.m2e.core.internal.Bundles - 	Entry: /home/semillero/.p2/pool/plugins/org.eclipse.m2e.maven.runtime_3.9.900.20240824-1409
2024-12-02 15:10:00,672 [Worker-0: Launching Executing install in _home_semillero_proyecto-colegio-quipux_fuentes_backend_Colegio] INFO  o.eclipse.m2e.core.internal.Bundles - 	Entry: /home/semillero/.p2/pool/plugins/org.eclipse.m2e.maven.runtime_3.9.900.20240824-1409/jars/aopalliance-1.0.jar
2024-12-02 15:10:00,672 [Worker-0: Launching Executing install in _home_semillero_proyecto-colegio-quipux_fuentes_backend_Colegio] INFO  o.eclipse.m2e.core.internal.Bundles - 	Entry: /home/semillero/.p2/pool/plugins/org.eclipse.m2e.maven.runtime_3.9.900.20240824-1409/jars/guice-5.1.0.jar
2024-12-02 15:10:00,672 [Worker-0: Launching Executing install in _home_semillero_proyecto-colegio-quipux_fuentes_backend_Colegio] INFO  o.eclipse.m2e.core.internal.Bundles - 	Entry: /home/semillero/.p2/pool/plugins/org.eclipse.m2e.maven.runtime_3.9.900.20240824-1409/jars/httpclient-4.5.14.jar
2024-12-02 15:10:00,672 [Worker-0: Launching Executing install in _home_semillero_proyecto-colegio-quipux_fuentes_backend_Colegio] INFO  o.eclipse.m2e.core.internal.Bundles - 	Entry: /home/semillero/.p2/pool/plugins/org.eclipse.m2e.maven.runtime_3.9.900.20240824-1409/jars/httpcore-4.4.16.jar
2024-12-02 15:10:00,672 [Worker-0: Launching Executing install in _home_semillero_proyecto-colegio-quipux_fuentes_backend_Colegio] INFO  o.eclipse.m2e.core.internal.Bundles - 	Entry: /home/semillero/.p2/pool/plugins/org.eclipse.m2e.maven.runtime_3.9.900.20240824-1409/jars/jansi-2.4.1.jar
2024-12-02 15:10:00,672 [Worker-0: Launching Executing install in _home_semillero_proyecto-colegio-quipux_fuentes_backend_Colegio] INFO  o.eclipse.m2e.core.internal.Bundles - 	Entry: /home/semillero/.p2/pool/plugins/org.eclipse.m2e.maven.runtime_3.9.900.20240824-1409/jars/jcl-over-slf4j-1.7.36.jar
2024-12-02 15:10:00,672 [Worker-0: Launching Executing install in _home_semillero_proyecto-colegio-quipux_fuentes_backend_Colegio] INFO  o.eclipse.m2e.core.internal.Bundles - 	Entry: /home/semillero/.p2/pool/plugins/org.eclipse.m2e.maven.runtime_3.9.900.20240824-1409/jars/maven-artifact-3.9.9.jar
2024-12-02 15:10:00,672 [Worker-0: Launching Executing install in _home_semillero_proyecto-colegio-quipux_fuentes_backend_Colegio] INFO  o.eclipse.m2e.core.internal.Bundles - 	Entry: /home/semillero/.p2/pool/plugins/org.eclipse.m2e.maven.runtime_3.9.900.20240824-1409/jars/maven-builder-support-3.9.9.jar
2024-12-02 15:10:00,672 [Worker-0: Launching Executing install in _home_semillero_proyecto-colegio-quipux_fuentes_backend_Colegio] INFO  o.eclipse.m2e.core.internal.Bundles - 	Entry: /home/semillero/.p2/pool/plugins/org.eclipse.m2e.maven.runtime_3.9.900.20240824-1409/jars/maven-compat-3.9.9.jar
2024-12-02 15:10:00,672 [Worker-0: Launching Executing install in _home_semillero_proyecto-colegio-quipux_fuentes_backend_Colegio] INFO  o.eclipse.m2e.core.internal.Bundles - 	Entry: /home/semillero/.p2/pool/plugins/org.eclipse.m2e.maven.runtime_3.9.900.20240824-1409/jars/maven-core-3.9.9.jar
2024-12-02 15:10:00,672 [Worker-0: Launching Executing install in _home_semillero_proyecto-colegio-quipux_fuentes_backend_Colegio] INFO  o.eclipse.m2e.core.internal.Bundles - 	Entry: /home/semillero/.p2/pool/plugins/org.eclipse.m2e.maven.runtime_3.9.900.20240824-1409/jars/maven-embedder-3.9.9.jar
2024-12-02 15:10:00,672 [Worker-0: Launching Executing install in _home_semillero_proyecto-colegio-quipux_fuentes_backend_Colegio] INFO  o.eclipse.m2e.core.internal.Bundles - 	Entry: /home/semillero/.p2/pool/plugins/org.eclipse.m2e.maven.runtime_3.9.900.20240824-1409/jars/maven-model-3.9.9.jar
2024-12-02 15:10:00,672 [Worker-0: Launching Executing install in _home_semillero_proyecto-colegio-quipux_fuentes_backend_Colegio] INFO  o.eclipse.m2e.core.internal.Bundles - 	Entry: /home/semillero/.p2/pool/plugins/org.eclipse.m2e.maven.runtime_3.9.900.20240824-1409/jars/maven-model-builder-3.9.9.jar
2024-12-02 15:10:00,672 [Worker-0: Launching Executing install in _home_semillero_proyecto-colegio-quipux_fuentes_backend_Colegio] INFO  o.eclipse.m2e.core.internal.Bundles - 	Entry: /home/semillero/.p2/pool/plugins/org.eclipse.m2e.maven.runtime_3.9.900.20240824-1409/jars/maven-plugin-api-3.9.9.jar
2024-12-02 15:10:00,672 [Worker-0: Launching Executing install in _home_semillero_proyecto-colegio-quipux_fuentes_backend_Colegio] INFO  o.eclipse.m2e.core.internal.Bundles - 	Entry: /home/semillero/.p2/pool/plugins/org.eclipse.m2e.maven.runtime_3.9.900.20240824-1409/jars/maven-repository-metadata-3.9.9.jar
2024-12-02 15:10:00,672 [Worker-0: Launching Executing install in _home_semillero_proyecto-colegio-quipux_fuentes_backend_Colegio] INFO  o.eclipse.m2e.core.internal.Bundles - 	Entry: /home/semillero/.p2/pool/plugins/org.eclipse.m2e.maven.runtime_3.9.900.20240824-1409/jars/maven-resolver-api-1.9.22.jar
2024-12-02 15:10:00,672 [Worker-0: Launching Executing install in _home_semillero_proyecto-colegio-quipux_fuentes_backend_Colegio] INFO  o.eclipse.m2e.core.internal.Bundles - 	Entry: /home/semillero/.p2/pool/plugins/org.eclipse.m2e.maven.runtime_3.9.900.20240824-1409/jars/maven-resolver-connector-basic-1.9.22.jar
2024-12-02 15:10:00,672 [Worker-0: Launching Executing install in _home_semillero_proyecto-colegio-quipux_fuentes_backend_Colegio] INFO  o.eclipse.m2e.core.internal.Bundles - 	Entry: /home/semillero/.p2/pool/plugins/org.eclipse.m2e.maven.runtime_3.9.900.20240824-1409/jars/maven-resolver-impl-1.9.22.jar
2024-12-02 15:10:00,672 [Worker-0: Launching Executing install in _home_semillero_proyecto-colegio-quipux_fuentes_backend_Colegio] INFO  o.eclipse.m2e.core.internal.Bundles - 	Entry: /home/semillero/.p2/pool/plugins/org.eclipse.m2e.maven.runtime_3.9.900.20240824-1409/jars/maven-resolver-named-locks-1.9.22.jar
2024-12-02 15:10:00,672 [Worker-0: Launching Executing install in _home_semillero_proyecto-colegio-quipux_fuentes_backend_Colegio] INFO  o.eclipse.m2e.core.internal.Bundles - 	Entry: /home/semillero/.p2/pool/plugins/org.eclipse.m2e.maven.runtime_3.9.900.20240824-1409/jars/maven-resolver-provider-3.9.9.jar
2024-12-02 15:10:00,672 [Worker-0: Launching Executing install in _home_semillero_proyecto-colegio-quipux_fuentes_backend_Colegio] INFO  o.eclipse.m2e.core.internal.Bundles - 	Entry: /home/semillero/.p2/pool/plugins/org.eclipse.m2e.maven.runtime_3.9.900.20240824-1409/jars/maven-resolver-spi-1.9.22.jar
2024-12-02 15:10:00,673 [Worker-0: Launching Executing install in _home_semillero_proyecto-colegio-quipux_fuentes_backend_Colegio] INFO  o.eclipse.m2e.core.internal.Bundles - 	Entry: /home/semillero/.p2/pool/plugins/org.eclipse.m2e.maven.runtime_3.9.900.20240824-1409/jars/maven-resolver-transport-file-1.9.22.jar
2024-12-02 15:10:00,673 [Worker-0: Launching Executing install in _home_semillero_proyecto-colegio-quipux_fuentes_backend_Colegio] INFO  o.eclipse.m2e.core.internal.Bundles - 	Entry: /home/semillero/.p2/pool/plugins/org.eclipse.m2e.maven.runtime_3.9.900.20240824-1409/jars/maven-resolver-transport-http-1.9.22.jar
2024-12-02 15:10:00,673 [Worker-0: Launching Executing install in _home_semillero_proyecto-colegio-quipux_fuentes_backend_Colegio] INFO  o.eclipse.m2e.core.internal.Bundles - 	Entry: /home/semillero/.p2/pool/plugins/org.eclipse.m2e.maven.runtime_3.9.900.20240824-1409/jars/maven-resolver-transport-wagon-1.9.22.jar
2024-12-02 15:10:00,673 [Worker-0: Launching Executing install in _home_semillero_proyecto-colegio-quipux_fuentes_backend_Colegio] INFO  o.eclipse.m2e.core.internal.Bundles - 	Entry: /home/semillero/.p2/pool/plugins/org.eclipse.m2e.maven.runtime_3.9.900.20240824-1409/jars/maven-resolver-util-1.9.22.jar
2024-12-02 15:10:00,673 [Worker-0: Launching Executing install in _home_semillero_proyecto-colegio-quipux_fuentes_backend_Colegio] INFO  o.eclipse.m2e.core.internal.Bundles - 	Entry: /home/semillero/.p2/pool/plugins/org.eclipse.m2e.maven.runtime_3.9.900.20240824-1409/jars/maven-settings-3.9.9.jar
2024-12-02 15:10:00,673 [Worker-0: Launching Executing install in _home_semillero_proyecto-colegio-quipux_fuentes_backend_Colegio] INFO  o.eclipse.m2e.core.internal.Bundles - 	Entry: /home/semillero/.p2/pool/plugins/org.eclipse.m2e.maven.runtime_3.9.900.20240824-1409/jars/maven-settings-builder-3.9.9.jar
2024-12-02 15:10:00,673 [Worker-0: Launching Executing install in _home_semillero_proyecto-colegio-quipux_fuentes_backend_Colegio] INFO  o.eclipse.m2e.core.internal.Bundles - 	Entry: /home/semillero/.p2/pool/plugins/org.eclipse.m2e.maven.runtime_3.9.900.20240824-1409/jars/maven-shared-utils-3.4.2.jar
2024-12-02 15:10:00,673 [Worker-0: Launching Executing install in _home_semillero_proyecto-colegio-quipux_fuentes_backend_Colegio] INFO  o.eclipse.m2e.core.internal.Bundles - 	Entry: /home/semillero/.p2/pool/plugins/org.eclipse.m2e.maven.runtime_3.9.900.20240824-1409/jars/org.eclipse.sisu.inject-0.9.0.M3.jar
2024-12-02 15:10:00,673 [Worker-0: Launching Executing install in _home_semillero_proyecto-colegio-quipux_fuentes_backend_Colegio] INFO  o.eclipse.m2e.core.internal.Bundles - 	Entry: /home/semillero/.p2/pool/plugins/org.eclipse.m2e.maven.runtime_3.9.900.20240824-1409/jars/org.eclipse.sisu.plexus-0.9.0.M3.jar
2024-12-02 15:10:00,673 [Worker-0: Launching Executing install in _home_semillero_proyecto-colegio-quipux_fuentes_backend_Colegio] INFO  o.eclipse.m2e.core.internal.Bundles - 	Entry: /home/semillero/.p2/pool/plugins/org.eclipse.m2e.maven.runtime_3.9.900.20240824-1409/jars/plexus-build-api-0.0.7.jar
2024-12-02 15:10:00,673 [Worker-0: Launching Executing install in _home_semillero_proyecto-colegio-quipux_fuentes_backend_Colegio] INFO  o.eclipse.m2e.core.internal.Bundles - 	Entry: /home/semillero/.p2/pool/plugins/org.eclipse.m2e.maven.runtime_3.9.900.20240824-1409/jars/plexus-build-api-1.2.0.jar
2024-12-02 15:10:00,673 [Worker-0: Launching Executing install in _home_semillero_proyecto-colegio-quipux_fuentes_backend_Colegio] INFO  o.eclipse.m2e.core.internal.Bundles - 	Entry: /home/semillero/.p2/pool/plugins/org.eclipse.m2e.maven.runtime_3.9.900.20240824-1409/jars/plexus-cipher-2.0.jar
2024-12-02 15:10:00,673 [Worker-0: Launching Executing install in _home_semillero_proyecto-colegio-quipux_fuentes_backend_Colegio] INFO  o.eclipse.m2e.core.internal.Bundles - 	Entry: /home/semillero/.p2/pool/plugins/org.eclipse.m2e.maven.runtime_3.9.900.20240824-1409/jars/plexus-classworlds-2.8.0.jar
2024-12-02 15:10:00,673 [Worker-0: Launching Executing install in _home_semillero_proyecto-colegio-quipux_fuentes_backend_Colegio] INFO  o.eclipse.m2e.core.internal.Bundles - 	Entry: /home/semillero/.p2/pool/plugins/org.eclipse.m2e.maven.runtime_3.9.900.20240824-1409/jars/plexus-component-annotations-2.1.0.jar
2024-12-02 15:10:00,673 [Worker-0: Launching Executing install in _home_semillero_proyecto-colegio-quipux_fuentes_backend_Colegio] INFO  o.eclipse.m2e.core.internal.Bundles - 	Entry: /home/semillero/.p2/pool/plugins/org.eclipse.m2e.maven.runtime_3.9.900.20240824-1409/jars/plexus-interpolation-1.27.jar
2024-12-02 15:10:00,673 [Worker-0: Launching Executing install in _home_semillero_proyecto-colegio-quipux_fuentes_backend_Colegio] INFO  o.eclipse.m2e.core.internal.Bundles - 	Entry: /home/semillero/.p2/pool/plugins/org.eclipse.m2e.maven.runtime_3.9.900.20240824-1409/jars/plexus-sec-dispatcher-2.0.jar
2024-12-02 15:10:00,673 [Worker-0: Launching Executing install in _home_semillero_proyecto-colegio-quipux_fuentes_backend_Colegio] INFO  o.eclipse.m2e.core.internal.Bundles - 	Entry: /home/semillero/.p2/pool/plugins/org.eclipse.m2e.maven.runtime_3.9.900.20240824-1409/jars/plexus-utils-3.5.1.jar
2024-12-02 15:10:00,673 [Worker-0: Launching Executing install in _home_semillero_proyecto-colegio-quipux_fuentes_backend_Colegio] INFO  o.eclipse.m2e.core.internal.Bundles - 	Entry: /home/semillero/.p2/pool/plugins/org.eclipse.m2e.maven.runtime_3.9.900.20240824-1409/jars/plexus-xml-3.0.1.jar
2024-12-02 15:10:00,673 [Worker-0: Launching Executing install in _home_semillero_proyecto-colegio-quipux_fuentes_backend_Colegio] INFO  o.eclipse.m2e.core.internal.Bundles - 	Entry: /home/semillero/.p2/pool/plugins/org.eclipse.m2e.maven.runtime_3.9.900.20240824-1409/jars/wagon-file-3.5.3.jar
2024-12-02 15:10:00,673 [Worker-0: Launching Executing install in _home_semillero_proyecto-colegio-quipux_fuentes_backend_Colegio] INFO  o.eclipse.m2e.core.internal.Bundles - 	Entry: /home/semillero/.p2/pool/plugins/org.eclipse.m2e.maven.runtime_3.9.900.20240824-1409/jars/wagon-http-3.5.3.jar
2024-12-02 15:10:00,673 [Worker-0: Launching Executing install in _home_semillero_proyecto-colegio-quipux_fuentes_backend_Colegio] INFO  o.eclipse.m2e.core.internal.Bundles - 	Entry: /home/semillero/.p2/pool/plugins/org.eclipse.m2e.maven.runtime_3.9.900.20240824-1409/jars/wagon-http-shared-3.5.3.jar
2024-12-02 15:10:00,673 [Worker-0: Launching Executing install in _home_semillero_proyecto-colegio-quipux_fuentes_backend_Colegio] INFO  o.eclipse.m2e.core.internal.Bundles - 	Entry: /home/semillero/.p2/pool/plugins/org.eclipse.m2e.maven.runtime_3.9.900.20240824-1409/jars/wagon-provider-api-3.5.3.jar
2024-12-02 15:10:00,674 [Worker-0: Launching Executing install in _home_semillero_proyecto-colegio-quipux_fuentes_backend_Colegio] INFO  o.eclipse.m2e.core.internal.Bundles - getClasspathEntries(Bundle=com.google.guava_33.3.0.jre [16])
2024-12-02 15:10:00,674 [Worker-0: Launching Executing install in _home_semillero_proyecto-colegio-quipux_fuentes_backend_Colegio] INFO  o.eclipse.m2e.core.internal.Bundles - 	Entry: /home/semillero/.p2/pool/plugins/com.google.guava_33.3.0.jre.jar
2024-12-02 15:10:00,674 [Worker-0: Launching Executing install in _home_semillero_proyecto-colegio-quipux_fuentes_backend_Colegio] INFO  o.eclipse.m2e.core.internal.Bundles - getClasspathEntries(Bundle=slf4j.api_2.0.16 [1004])
2024-12-02 15:10:00,674 [Worker-0: Launching Executing install in _home_semillero_proyecto-colegio-quipux_fuentes_backend_Colegio] INFO  o.eclipse.m2e.core.internal.Bundles - 	Entry: /home/semillero/.p2/pool/plugins/slf4j.api_2.0.16.jar
2024-12-02 15:10:00,674 [Worker-0: Launching Executing install in _home_semillero_proyecto-colegio-quipux_fuentes_backend_Colegio] INFO  o.eclipse.m2e.core.internal.Bundles - getClasspathEntries(Bundle=jakarta.inject.jakarta.inject-api_1.0.5 [34])
2024-12-02 15:10:00,674 [Worker-0: Launching Executing install in _home_semillero_proyecto-colegio-quipux_fuentes_backend_Colegio] INFO  o.eclipse.m2e.core.internal.Bundles - 	Entry: /home/semillero/.p2/pool/plugins/jakarta.inject.jakarta.inject-api_1.0.5.jar
2024-12-02 15:10:00,674 [Worker-0: Launching Executing install in _home_semillero_proyecto-colegio-quipux_fuentes_backend_Colegio] INFO  o.eclipse.m2e.core.internal.Bundles - getClasspathEntries(Bundle=jakarta.annotation-api_1.3.5 [29])
2024-12-02 15:10:00,674 [Worker-0: Launching Executing install in _home_semillero_proyecto-colegio-quipux_fuentes_backend_Colegio] INFO  o.eclipse.m2e.core.internal.Bundles - 	Entry: /home/semillero/.p2/pool/plugins/jakarta.annotation-api_1.3.5.jar
2024-12-02 15:10:00,674 [Worker-0: Launching Executing install in _home_semillero_proyecto-colegio-quipux_fuentes_backend_Colegio] INFO  o.eclipse.m2e.core.internal.Bundles - getClasspathEntries(Bundle=org.apache.commons.cli_1.9.0 [78])
2024-12-02 15:10:00,674 [Worker-0: Launching Executing install in _home_semillero_proyecto-colegio-quipux_fuentes_backend_Colegio] INFO  o.eclipse.m2e.core.internal.Bundles - 	Entry: /home/semillero/.p2/pool/plugins/org.apache.commons.cli_1.9.0.jar
2024-12-02 15:10:00,674 [Worker-0: Launching Executing install in _home_semillero_proyecto-colegio-quipux_fuentes_backend_Colegio] INFO  o.eclipse.m2e.core.internal.Bundles - getClasspathEntries(Bundle=org.apache.commons.commons-codec_1.16.0 [81])
2024-12-02 15:10:00,674 [Worker-0: Launching Executing install in _home_semillero_proyecto-colegio-quipux_fuentes_backend_Colegio] INFO  o.eclipse.m2e.core.internal.Bundles - 	Entry: /home/semillero/.p2/pool/plugins/org.apache.commons.commons-codec_1.16.0.jar
2024-12-02 15:10:00,674 [Worker-0: Launching Executing install in _home_semillero_proyecto-colegio-quipux_fuentes_backend_Colegio] INFO  o.eclipse.m2e.core.internal.Bundles - getClasspathEntries(Bundle=com.google.guava.failureaccess_1.0.2 [17])
2024-12-02 15:10:00,674 [Worker-0: Launching Executing install in _home_semillero_proyecto-colegio-quipux_fuentes_backend_Colegio] INFO  o.eclipse.m2e.core.internal.Bundles - 	Entry: /home/semillero/.p2/pool/plugins/com.google.guava.failureaccess_1.0.2.jar
2024-12-02 15:10:00,698 [Worker-0: Launching Executing install in _home_semillero_proyecto-colegio-quipux_fuentes_backend_Colegio] INFO  o.e.m.i.launch.MavenLaunchDelegate - Run build in "/home/semillero/proyecto-colegio-quipux/fuentes/backend/Colegio":
2024-12-02 15:10:00,702 [Worker-0: Launching Executing install in _home_semillero_proyecto-colegio-quipux_fuentes_backend_Colegio] INFO  o.e.m.i.launch.MavenLaunchDelegate -  mvn  -B -Dstyle.color=always install
2024-12-02 15:12:17,259 [Worker-7: Launching Executing install in _home_semillero_proyecto-colegio-quipux_fuentes_backend_Colegio] INFO  o.eclipse.m2e.core.internal.Bundles - getClasspathEntries(Bundle=org.eclipse.m2e.maven.runtime_3.9.900.20240824-1409 [640])
2024-12-02 15:12:17,259 [Worker-7: Launching Executing install in _home_semillero_proyecto-colegio-quipux_fuentes_backend_Colegio] INFO  o.eclipse.m2e.core.internal.Bundles - 	Entry: /home/semillero/.p2/pool/plugins/org.eclipse.m2e.maven.runtime_3.9.900.20240824-1409
2024-12-02 15:12:17,259 [Worker-7: Launching Executing install in _home_semillero_proyecto-colegio-quipux_fuentes_backend_Colegio] INFO  o.eclipse.m2e.core.internal.Bundles - 	Entry: /home/semillero/.p2/pool/plugins/org.eclipse.m2e.maven.runtime_3.9.900.20240824-1409/jars/aopalliance-1.0.jar
2024-12-02 15:12:17,260 [Worker-7: Launching Executing install in _home_semillero_proyecto-colegio-quipux_fuentes_backend_Colegio] INFO  o.eclipse.m2e.core.internal.Bundles - 	Entry: /home/semillero/.p2/pool/plugins/org.eclipse.m2e.maven.runtime_3.9.900.20240824-1409/jars/guice-5.1.0.jar
2024-12-02 15:12:17,260 [Worker-7: Launching Executing install in _home_semillero_proyecto-colegio-quipux_fuentes_backend_Colegio] INFO  o.eclipse.m2e.core.internal.Bundles - 	Entry: /home/semillero/.p2/pool/plugins/org.eclipse.m2e.maven.runtime_3.9.900.20240824-1409/jars/httpclient-4.5.14.jar
2024-12-02 15:12:17,260 [Worker-7: Launching Executing install in _home_semillero_proyecto-colegio-quipux_fuentes_backend_Colegio] INFO  o.eclipse.m2e.core.internal.Bundles - 	Entry: /home/semillero/.p2/pool/plugins/org.eclipse.m2e.maven.runtime_3.9.900.20240824-1409/jars/httpcore-4.4.16.jar
2024-12-02 15:12:17,260 [Worker-7: Launching Executing install in _home_semillero_proyecto-colegio-quipux_fuentes_backend_Colegio] INFO  o.eclipse.m2e.core.internal.Bundles - 	Entry: /home/semillero/.p2/pool/plugins/org.eclipse.m2e.maven.runtime_3.9.900.20240824-1409/jars/jansi-2.4.1.jar
2024-12-02 15:12:17,260 [Worker-7: Launching Executing install in _home_semillero_proyecto-colegio-quipux_fuentes_backend_Colegio] INFO  o.eclipse.m2e.core.internal.Bundles - 	Entry: /home/semillero/.p2/pool/plugins/org.eclipse.m2e.maven.runtime_3.9.900.20240824-1409/jars/jcl-over-slf4j-1.7.36.jar
2024-12-02 15:12:17,260 [Worker-7: Launching Executing install in _home_semillero_proyecto-colegio-quipux_fuentes_backend_Colegio] INFO  o.eclipse.m2e.core.internal.Bundles - 	Entry: /home/semillero/.p2/pool/plugins/org.eclipse.m2e.maven.runtime_3.9.900.20240824-1409/jars/maven-artifact-3.9.9.jar
2024-12-02 15:12:17,260 [Worker-7: Launching Executing install in _home_semillero_proyecto-colegio-quipux_fuentes_backend_Colegio] INFO  o.eclipse.m2e.core.internal.Bundles - 	Entry: /home/semillero/.p2/pool/plugins/org.eclipse.m2e.maven.runtime_3.9.900.20240824-1409/jars/maven-builder-support-3.9.9.jar
2024-12-02 15:12:17,260 [Worker-7: Launching Executing install in _home_semillero_proyecto-colegio-quipux_fuentes_backend_Colegio] INFO  o.eclipse.m2e.core.internal.Bundles - 	Entry: /home/semillero/.p2/pool/plugins/org.eclipse.m2e.maven.runtime_3.9.900.20240824-1409/jars/maven-compat-3.9.9.jar
2024-12-02 15:12:17,260 [Worker-7: Launching Executing install in _home_semillero_proyecto-colegio-quipux_fuentes_backend_Colegio] INFO  o.eclipse.m2e.core.internal.Bundles - 	Entry: /home/semillero/.p2/pool/plugins/org.eclipse.m2e.maven.runtime_3.9.900.20240824-1409/jars/maven-core-3.9.9.jar
2024-12-02 15:12:17,260 [Worker-7: Launching Executing install in _home_semillero_proyecto-colegio-quipux_fuentes_backend_Colegio] INFO  o.eclipse.m2e.core.internal.Bundles - 	Entry: /home/semillero/.p2/pool/plugins/org.eclipse.m2e.maven.runtime_3.9.900.20240824-1409/jars/maven-embedder-3.9.9.jar
2024-12-02 15:12:17,260 [Worker-7: Launching Executing install in _home_semillero_proyecto-colegio-quipux_fuentes_backend_Colegio] INFO  o.eclipse.m2e.core.internal.Bundles - 	Entry: /home/semillero/.p2/pool/plugins/org.eclipse.m2e.maven.runtime_3.9.900.20240824-1409/jars/maven-model-3.9.9.jar
2024-12-02 15:12:17,260 [Worker-7: Launching Executing install in _home_semillero_proyecto-colegio-quipux_fuentes_backend_Colegio] INFO  o.eclipse.m2e.core.internal.Bundles - 	Entry: /home/semillero/.p2/pool/plugins/org.eclipse.m2e.maven.runtime_3.9.900.20240824-1409/jars/maven-model-builder-3.9.9.jar
2024-12-02 15:12:17,260 [Worker-7: Launching Executing install in _home_semillero_proyecto-colegio-quipux_fuentes_backend_Colegio] INFO  o.eclipse.m2e.core.internal.Bundles - 	Entry: /home/semillero/.p2/pool/plugins/org.eclipse.m2e.maven.runtime_3.9.900.20240824-1409/jars/maven-plugin-api-3.9.9.jar
2024-12-02 15:12:17,260 [Worker-7: Launching Executing install in _home_semillero_proyecto-colegio-quipux_fuentes_backend_Colegio] INFO  o.eclipse.m2e.core.internal.Bundles - 	Entry: /home/semillero/.p2/pool/plugins/org.eclipse.m2e.maven.runtime_3.9.900.20240824-1409/jars/maven-repository-metadata-3.9.9.jar
2024-12-02 15:12:17,260 [Worker-7: Launching Executing install in _home_semillero_proyecto-colegio-quipux_fuentes_backend_Colegio] INFO  o.eclipse.m2e.core.internal.Bundles - 	Entry: /home/semillero/.p2/pool/plugins/org.eclipse.m2e.maven.runtime_3.9.900.20240824-1409/jars/maven-resolver-api-1.9.22.jar
2024-12-02 15:12:17,260 [Worker-7: Launching Executing install in _home_semillero_proyecto-colegio-quipux_fuentes_backend_Colegio] INFO  o.eclipse.m2e.core.internal.Bundles - 	Entry: /home/semillero/.p2/pool/plugins/org.eclipse.m2e.maven.runtime_3.9.900.20240824-1409/jars/maven-resolver-connector-basic-1.9.22.jar
2024-12-02 15:12:17,260 [Worker-7: Launching Executing install in _home_semillero_proyecto-colegio-quipux_fuentes_backend_Colegio] INFO  o.eclipse.m2e.core.internal.Bundles - 	Entry: /home/semillero/.p2/pool/plugins/org.eclipse.m2e.maven.runtime_3.9.900.20240824-1409/jars/maven-resolver-impl-1.9.22.jar
2024-12-02 15:12:17,260 [Worker-7: Launching Executing install in _home_semillero_proyecto-colegio-quipux_fuentes_backend_Colegio] INFO  o.eclipse.m2e.core.internal.Bundles - 	Entry: /home/semillero/.p2/pool/plugins/org.eclipse.m2e.maven.runtime_3.9.900.20240824-1409/jars/maven-resolver-named-locks-1.9.22.jar
2024-12-02 15:12:17,260 [Worker-7: Launching Executing install in _home_semillero_proyecto-colegio-quipux_fuentes_backend_Colegio] INFO  o.eclipse.m2e.core.internal.Bundles - 	Entry: /home/semillero/.p2/pool/plugins/org.eclipse.m2e.maven.runtime_3.9.900.20240824-1409/jars/maven-resolver-provider-3.9.9.jar
2024-12-02 15:12:17,260 [Worker-7: Launching Executing install in _home_semillero_proyecto-colegio-quipux_fuentes_backend_Colegio] INFO  o.eclipse.m2e.core.internal.Bundles - 	Entry: /home/semillero/.p2/pool/plugins/org.eclipse.m2e.maven.runtime_3.9.900.20240824-1409/jars/maven-resolver-spi-1.9.22.jar
2024-12-02 15:12:17,260 [Worker-7: Launching Executing install in _home_semillero_proyecto-colegio-quipux_fuentes_backend_Colegio] INFO  o.eclipse.m2e.core.internal.Bundles - 	Entry: /home/semillero/.p2/pool/plugins/org.eclipse.m2e.maven.runtime_3.9.900.20240824-1409/jars/maven-resolver-transport-file-1.9.22.jar
2024-12-02 15:12:17,260 [Worker-7: Launching Executing install in _home_semillero_proyecto-colegio-quipux_fuentes_backend_Colegio] INFO  o.eclipse.m2e.core.internal.Bundles - 	Entry: /home/semillero/.p2/pool/plugins/org.eclipse.m2e.maven.runtime_3.9.900.20240824-1409/jars/maven-resolver-transport-http-1.9.22.jar
2024-12-02 15:12:17,260 [Worker-7: Launching Executing install in _home_semillero_proyecto-colegio-quipux_fuentes_backend_Colegio] INFO  o.eclipse.m2e.core.internal.Bundles - 	Entry: /home/semillero/.p2/pool/plugins/org.eclipse.m2e.maven.runtime_3.9.900.20240824-1409/jars/maven-resolver-transport-wagon-1.9.22.jar
2024-12-02 15:12:17,261 [Worker-7: Launching Executing install in _home_semillero_proyecto-colegio-quipux_fuentes_backend_Colegio] INFO  o.eclipse.m2e.core.internal.Bundles - 	Entry: /home/semillero/.p2/pool/plugins/org.eclipse.m2e.maven.runtime_3.9.900.20240824-1409/jars/maven-resolver-util-1.9.22.jar
2024-12-02 15:12:17,261 [Worker-7: Launching Executing install in _home_semillero_proyecto-colegio-quipux_fuentes_backend_Colegio] INFO  o.eclipse.m2e.core.internal.Bundles - 	Entry: /home/semillero/.p2/pool/plugins/org.eclipse.m2e.maven.runtime_3.9.900.20240824-1409/jars/maven-settings-3.9.9.jar
2024-12-02 15:12:17,261 [Worker-7: Launching Executing install in _home_semillero_proyecto-colegio-quipux_fuentes_backend_Colegio] INFO  o.eclipse.m2e.core.internal.Bundles - 	Entry: /home/semillero/.p2/pool/plugins/org.eclipse.m2e.maven.runtime_3.9.900.20240824-1409/jars/maven-settings-builder-3.9.9.jar
2024-12-02 15:12:17,261 [Worker-7: Launching Executing install in _home_semillero_proyecto-colegio-quipux_fuentes_backend_Colegio] INFO  o.eclipse.m2e.core.internal.Bundles - 	Entry: /home/semillero/.p2/pool/plugins/org.eclipse.m2e.maven.runtime_3.9.900.20240824-1409/jars/maven-shared-utils-3.4.2.jar
2024-12-02 15:12:17,261 [Worker-7: Launching Executing install in _home_semillero_proyecto-colegio-quipux_fuentes_backend_Colegio] INFO  o.eclipse.m2e.core.internal.Bundles - 	Entry: /home/semillero/.p2/pool/plugins/org.eclipse.m2e.maven.runtime_3.9.900.20240824-1409/jars/org.eclipse.sisu.inject-0.9.0.M3.jar
2024-12-02 15:12:17,261 [Worker-7: Launching Executing install in _home_semillero_proyecto-colegio-quipux_fuentes_backend_Colegio] INFO  o.eclipse.m2e.core.internal.Bundles - 	Entry: /home/semillero/.p2/pool/plugins/org.eclipse.m2e.maven.runtime_3.9.900.20240824-1409/jars/org.eclipse.sisu.plexus-0.9.0.M3.jar
2024-12-02 15:12:17,261 [Worker-7: Launching Executing install in _home_semillero_proyecto-colegio-quipux_fuentes_backend_Colegio] INFO  o.eclipse.m2e.core.internal.Bundles - 	Entry: /home/semillero/.p2/pool/plugins/org.eclipse.m2e.maven.runtime_3.9.900.20240824-1409/jars/plexus-build-api-0.0.7.jar
2024-12-02 15:12:17,261 [Worker-7: Launching Executing install in _home_semillero_proyecto-colegio-quipux_fuentes_backend_Colegio] INFO  o.eclipse.m2e.core.internal.Bundles - 	Entry: /home/semillero/.p2/pool/plugins/org.eclipse.m2e.maven.runtime_3.9.900.20240824-1409/jars/plexus-build-api-1.2.0.jar
2024-12-02 15:12:17,261 [Worker-7: Launching Executing install in _home_semillero_proyecto-colegio-quipux_fuentes_backend_Colegio] INFO  o.eclipse.m2e.core.internal.Bundles - 	Entry: /home/semillero/.p2/pool/plugins/org.eclipse.m2e.maven.runtime_3.9.900.20240824-1409/jars/plexus-cipher-2.0.jar
2024-12-02 15:12:17,261 [Worker-7: Launching Executing install in _home_semillero_proyecto-colegio-quipux_fuentes_backend_Colegio] INFO  o.eclipse.m2e.core.internal.Bundles - 	Entry: /home/semillero/.p2/pool/plugins/org.eclipse.m2e.maven.runtime_3.9.900.20240824-1409/jars/plexus-classworlds-2.8.0.jar
2024-12-02 15:12:17,261 [Worker-7: Launching Executing install in _home_semillero_proyecto-colegio-quipux_fuentes_backend_Colegio] INFO  o.eclipse.m2e.core.internal.Bundles - 	Entry: /home/semillero/.p2/pool/plugins/org.eclipse.m2e.maven.runtime_3.9.900.20240824-1409/jars/plexus-component-annotations-2.1.0.jar
2024-12-02 15:12:17,261 [Worker-7: Launching Executing install in _home_semillero_proyecto-colegio-quipux_fuentes_backend_Colegio] INFO  o.eclipse.m2e.core.internal.Bundles - 	Entry: /home/semillero/.p2/pool/plugins/org.eclipse.m2e.maven.runtime_3.9.900.20240824-1409/jars/plexus-interpolation-1.27.jar
2024-12-02 15:12:17,261 [Worker-7: Launching Executing install in _home_semillero_proyecto-colegio-quipux_fuentes_backend_Colegio] INFO  o.eclipse.m2e.core.internal.Bundles - 	Entry: /home/semillero/.p2/pool/plugins/org.eclipse.m2e.maven.runtime_3.9.900.20240824-1409/jars/plexus-sec-dispatcher-2.0.jar
2024-12-02 15:12:17,261 [Worker-7: Launching Executing install in _home_semillero_proyecto-colegio-quipux_fuentes_backend_Colegio] INFO  o.eclipse.m2e.core.internal.Bundles - 	Entry: /home/semillero/.p2/pool/plugins/org.eclipse.m2e.maven.runtime_3.9.900.20240824-1409/jars/plexus-utils-3.5.1.jar
2024-12-02 15:12:17,261 [Worker-7: Launching Executing install in _home_semillero_proyecto-colegio-quipux_fuentes_backend_Colegio] INFO  o.eclipse.m2e.core.internal.Bundles - 	Entry: /home/semillero/.p2/pool/plugins/org.eclipse.m2e.maven.runtime_3.9.900.20240824-1409/jars/plexus-xml-3.0.1.jar
2024-12-02 15:12:17,261 [Worker-7: Launching Executing install in _home_semillero_proyecto-colegio-quipux_fuentes_backend_Colegio] INFO  o.eclipse.m2e.core.internal.Bundles - 	Entry: /home/semillero/.p2/pool/plugins/org.eclipse.m2e.maven.runtime_3.9.900.20240824-1409/jars/wagon-file-3.5.3.jar
2024-12-02 15:12:17,261 [Worker-7: Launching Executing install in _home_semillero_proyecto-colegio-quipux_fuentes_backend_Colegio] INFO  o.eclipse.m2e.core.internal.Bundles - 	Entry: /home/semillero/.p2/pool/plugins/org.eclipse.m2e.maven.runtime_3.9.900.20240824-1409/jars/wagon-http-3.5.3.jar
2024-12-02 15:12:17,261 [Worker-7: Launching Executing install in _home_semillero_proyecto-colegio-quipux_fuentes_backend_Colegio] INFO  o.eclipse.m2e.core.internal.Bundles - 	Entry: /home/semillero/.p2/pool/plugins/org.eclipse.m2e.maven.runtime_3.9.900.20240824-1409/jars/wagon-http-shared-3.5.3.jar
2024-12-02 15:12:17,261 [Worker-7: Launching Executing install in _home_semillero_proyecto-colegio-quipux_fuentes_backend_Colegio] INFO  o.eclipse.m2e.core.internal.Bundles - 	Entry: /home/semillero/.p2/pool/plugins/org.eclipse.m2e.maven.runtime_3.9.900.20240824-1409/jars/wagon-provider-api-3.5.3.jar
2024-12-02 15:12:17,261 [Worker-7: Launching Executing install in _home_semillero_proyecto-colegio-quipux_fuentes_backend_Colegio] INFO  o.eclipse.m2e.core.internal.Bundles - getClasspathEntries(Bundle=com.google.guava_33.3.0.jre [16])
2024-12-02 15:12:17,262 [Worker-7: Launching Executing install in _home_semillero_proyecto-colegio-quipux_fuentes_backend_Colegio] INFO  o.eclipse.m2e.core.internal.Bundles - 	Entry: /home/semillero/.p2/pool/plugins/com.google.guava_33.3.0.jre.jar
2024-12-02 15:12:17,262 [Worker-7: Launching Executing install in _home_semillero_proyecto-colegio-quipux_fuentes_backend_Colegio] INFO  o.eclipse.m2e.core.internal.Bundles - getClasspathEntries(Bundle=slf4j.api_2.0.16 [1004])
2024-12-02 15:12:17,262 [Worker-7: Launching Executing install in _home_semillero_proyecto-colegio-quipux_fuentes_backend_Colegio] INFO  o.eclipse.m2e.core.internal.Bundles - 	Entry: /home/semillero/.p2/pool/plugins/slf4j.api_2.0.16.jar
2024-12-02 15:12:17,262 [Worker-7: Launching Executing install in _home_semillero_proyecto-colegio-quipux_fuentes_backend_Colegio] INFO  o.eclipse.m2e.core.internal.Bundles - getClasspathEntries(Bundle=jakarta.inject.jakarta.inject-api_1.0.5 [34])
2024-12-02 15:12:17,262 [Worker-7: Launching Executing install in _home_semillero_proyecto-colegio-quipux_fuentes_backend_Colegio] INFO  o.eclipse.m2e.core.internal.Bundles - 	Entry: /home/semillero/.p2/pool/plugins/jakarta.inject.jakarta.inject-api_1.0.5.jar
2024-12-02 15:12:17,262 [Worker-7: Launching Executing install in _home_semillero_proyecto-colegio-quipux_fuentes_backend_Colegio] INFO  o.eclipse.m2e.core.internal.Bundles - getClasspathEntries(Bundle=jakarta.annotation-api_1.3.5 [29])
2024-12-02 15:12:17,262 [Worker-7: Launching Executing install in _home_semillero_proyecto-colegio-quipux_fuentes_backend_Colegio] INFO  o.eclipse.m2e.core.internal.Bundles - 	Entry: /home/semillero/.p2/pool/plugins/jakarta.annotation-api_1.3.5.jar
2024-12-02 15:12:17,262 [Worker-7: Launching Executing install in _home_semillero_proyecto-colegio-quipux_fuentes_backend_Colegio] INFO  o.eclipse.m2e.core.internal.Bundles - getClasspathEntries(Bundle=org.apache.commons.cli_1.9.0 [78])
2024-12-02 15:12:17,262 [Worker-7: Launching Executing install in _home_semillero_proyecto-colegio-quipux_fuentes_backend_Colegio] INFO  o.eclipse.m2e.core.internal.Bundles - 	Entry: /home/semillero/.p2/pool/plugins/org.apache.commons.cli_1.9.0.jar
2024-12-02 15:12:17,262 [Worker-7: Launching Executing install in _home_semillero_proyecto-colegio-quipux_fuentes_backend_Colegio] INFO  o.eclipse.m2e.core.internal.Bundles - getClasspathEntries(Bundle=org.apache.commons.commons-codec_1.16.0 [81])
2024-12-02 15:12:17,262 [Worker-7: Launching Executing install in _home_semillero_proyecto-colegio-quipux_fuentes_backend_Colegio] INFO  o.eclipse.m2e.core.internal.Bundles - 	Entry: /home/semillero/.p2/pool/plugins/org.apache.commons.commons-codec_1.16.0.jar
2024-12-02 15:12:17,262 [Worker-7: Launching Executing install in _home_semillero_proyecto-colegio-quipux_fuentes_backend_Colegio] INFO  o.eclipse.m2e.core.internal.Bundles - getClasspathEntries(Bundle=com.google.guava.failureaccess_1.0.2 [17])
2024-12-02 15:12:17,262 [Worker-7: Launching Executing install in _home_semillero_proyecto-colegio-quipux_fuentes_backend_Colegio] INFO  o.eclipse.m2e.core.internal.Bundles - 	Entry: /home/semillero/.p2/pool/plugins/com.google.guava.failureaccess_1.0.2.jar
2024-12-02 15:12:17,279 [Worker-7: Launching Executing install in _home_semillero_proyecto-colegio-quipux_fuentes_backend_Colegio] INFO  o.e.m.i.launch.MavenLaunchDelegate - Run build in "/home/semillero/proyecto-colegio-quipux/fuentes/backend/Colegio":
2024-12-02 15:12:17,280 [Worker-7: Launching Executing install in _home_semillero_proyecto-colegio-quipux_fuentes_backend_Colegio] INFO  o.e.m.i.launch.MavenLaunchDelegate -  mvn  -B -Dstyle.color=always install
2024-12-02 16:07:16,956 [Worker-23: Building] WARN  o.a.m.s.f.DefaultMavenResourcesFiltering - Using platform encoding (UTF-8 actually) to copy filtered resources, i.e. build is platform dependent!
2024-12-02 16:07:16,977 [Worker-23: Building] INFO  o.a.m.s.f.DefaultMavenResourcesFiltering - Copying 0 resource from src/main/resources to target/classes
2024-12-02 16:07:16,987 [Worker-23: Building] WARN  o.a.m.s.f.DefaultMavenResourcesFiltering - Using platform encoding (UTF-8 actually) to copy filtered resources, i.e. build is platform dependent!
2024-12-02 16:07:16,988 [Worker-23: Building] INFO  o.a.m.s.f.DefaultMavenResourcesFiltering - skip non existing resourceDirectory /home/semillero/proyecto-colegio-quipux/fuentes/backend/Colegio/src/test/resources
2024-12-02 16:40:28,528 [Worker-17: Building] INFO  o.e.m.c.i.l.LifecycleMappingFactory - Using org.eclipse.m2e.jdt.JarLifecycleMapping lifecycle mapping for MavenProject: com.quipux:Colegio:0.0.1-SNAPSHOT @ /home/semillero/proyecto-colegio-quipux/fuentes/backend/Colegio/pom.xml.
2024-12-02 16:40:29,828 [Worker-17: Building] WARN  o.a.m.s.f.DefaultMavenResourcesFiltering - Using platform encoding (UTF-8 actually) to copy filtered resources, i.e. build is platform dependent!
2024-12-02 16:40:29,830 [Worker-17: Building] INFO  o.a.m.s.f.DefaultMavenResourcesFiltering - Copying 1 resource from src/main/resources to target/classes
2024-12-02 16:40:29,844 [Worker-17: Building] WARN  o.a.m.s.f.DefaultMavenResourcesFiltering - Using platform encoding (UTF-8 actually) to copy filtered resources, i.e. build is platform dependent!
2024-12-02 16:40:29,844 [Worker-17: Building] INFO  o.a.m.s.f.DefaultMavenResourcesFiltering - skip non existing resourceDirectory /home/semillero/proyecto-colegio-quipux/fuentes/backend/Colegio/src/test/resources
2024-12-02 16:42:16,902 [Worker-32: Building] WARN  o.a.m.s.f.DefaultMavenResourcesFiltering - Using platform encoding (UTF-8 actually) to copy filtered resources, i.e. build is platform dependent!
2024-12-02 16:42:16,918 [Worker-32: Building] INFO  o.a.m.s.f.DefaultMavenResourcesFiltering - Copying 1 resource from src/main/resources to target/classes
2024-12-02 16:42:16,953 [Worker-32: Building] WARN  o.a.m.s.f.DefaultMavenResourcesFiltering - Using platform encoding (UTF-8 actually) to copy filtered resources, i.e. build is platform dependent!
2024-12-02 16:42:16,954 [Worker-32: Building] INFO  o.a.m.s.f.DefaultMavenResourcesFiltering - skip non existing resourceDirectory /home/semillero/proyecto-colegio-quipux/fuentes/backend/Colegio/src/test/resources
2024-12-02 16:42:25,678 [Worker-31: Updating Maven Project] INFO  o.e.m.c.i.p.ProjectConfigurationManager - Update started
2024-12-02 16:42:25,984 [Worker-31: Updating Maven Project] INFO  o.e.m.c.i.l.LifecycleMappingFactory - Using org.eclipse.m2e.jdt.JarLifecycleMapping lifecycle mapping for MavenProject: com.quipux:Colegio:0.0.1-SNAPSHOT @ /home/semillero/proyecto-colegio-quipux/fuentes/backend/Colegio/pom.xml.
2024-12-02 16:42:26,398 [Worker-31: Updating Maven Project] INFO  o.e.m.j.i.AbstractJavaProjectConfigurator - Adding source folder /Colegio/src/main/java
2024-12-02 16:42:26,398 [Worker-31: Updating Maven Project] INFO  o.e.m.j.i.AbstractJavaProjectConfigurator - Adding resource folder /Colegio/src/main/resources
2024-12-02 16:42:26,398 [Worker-31: Updating Maven Project] INFO  o.e.m.j.i.AbstractJavaProjectConfigurator - Adding source folder /Colegio/src/test/java
2024-12-02 16:42:26,398 [Worker-31: Updating Maven Project] INFO  o.e.m.j.i.AbstractJavaProjectConfigurator - Adding resource folder /Colegio/src/test/resources
2024-12-02 16:42:26,513 [Worker-31: Updating Maven Project] INFO  o.e.m.c.i.p.ProjectConfigurationManager - Update completed for 1 poms: local refresh takes 0.00 sec, refresh facades takes 0.00 sec, update config takes 0.00 sec 
2024-12-02 16:42:27,177 [Worker-32: Building] WARN  o.a.m.s.f.DefaultMavenResourcesFiltering - Using platform encoding (UTF-8 actually) to copy filtered resources, i.e. build is platform dependent!
2024-12-02 16:42:27,181 [Worker-32: Building] INFO  o.a.m.s.f.DefaultMavenResourcesFiltering - Copying 1 resource from src/main/resources to target/classes
2024-12-02 16:42:27,204 [Worker-32: Building] WARN  o.a.m.s.f.DefaultMavenResourcesFiltering - Using platform encoding (UTF-8 actually) to copy filtered resources, i.e. build is platform dependent!
2024-12-02 16:42:27,205 [Worker-32: Building] INFO  o.a.m.s.f.DefaultMavenResourcesFiltering - skip non existing resourceDirectory /home/semillero/proyecto-colegio-quipux/fuentes/backend/Colegio/src/test/resources
2024-12-02 16:42:40,197 [Worker-23: Updating Maven Project] INFO  o.e.m.c.i.p.ProjectConfigurationManager - Update started
2024-12-02 16:42:40,528 [Worker-23: Updating Maven Project] INFO  o.e.m.c.i.l.LifecycleMappingFactory - Using org.eclipse.m2e.jdt.JarLifecycleMapping lifecycle mapping for MavenProject: com.quipux:Colegio:0.0.1-SNAPSHOT @ /home/semillero/proyecto-colegio-quipux/fuentes/backend/Colegio/pom.xml.
2024-12-02 16:42:40,768 [Worker-23: Updating Maven Project] INFO  o.e.m.j.i.AbstractJavaProjectConfigurator - Adding source folder /Colegio/src/main/java
2024-12-02 16:42:40,768 [Worker-23: Updating Maven Project] INFO  o.e.m.j.i.AbstractJavaProjectConfigurator - Adding resource folder /Colegio/src/main/resources
2024-12-02 16:42:40,769 [Worker-23: Updating Maven Project] INFO  o.e.m.j.i.AbstractJavaProjectConfigurator - Adding source folder /Colegio/src/test/java
2024-12-02 16:42:40,769 [Worker-23: Updating Maven Project] INFO  o.e.m.j.i.AbstractJavaProjectConfigurator - Adding resource folder /Colegio/src/test/resources
2024-12-02 16:42:40,847 [Worker-23: Updating Maven Project] INFO  o.e.m.c.i.p.ProjectConfigurationManager - Update completed for 1 poms: local refresh takes 0.00 sec, refresh facades takes 0.00 sec, update config takes 0.00 sec 
2024-12-02 16:42:41,282 [Worker-32: Building] WARN  o.a.m.s.f.DefaultMavenResourcesFiltering - Using platform encoding (UTF-8 actually) to copy filtered resources, i.e. build is platform dependent!
2024-12-02 16:42:41,301 [Worker-32: Building] INFO  o.a.m.s.f.DefaultMavenResourcesFiltering - Copying 1 resource from src/main/resources to target/classes
2024-12-02 16:42:41,341 [Worker-32: Building] WARN  o.a.m.s.f.DefaultMavenResourcesFiltering - Using platform encoding (UTF-8 actually) to copy filtered resources, i.e. build is platform dependent!
2024-12-02 16:42:41,341 [Worker-32: Building] INFO  o.a.m.s.f.DefaultMavenResourcesFiltering - skip non existing resourceDirectory /home/semillero/proyecto-colegio-quipux/fuentes/backend/Colegio/src/test/resources
2024-12-02 16:42:45,902 [Worker-31: Launching Executing install in _home_semillero_proyecto-colegio-quipux_fuentes_backend_Colegio] INFO  o.eclipse.m2e.core.internal.Bundles - getClasspathEntries(Bundle=org.eclipse.m2e.maven.runtime_3.9.900.20240824-1409 [640])
2024-12-02 16:42:45,903 [Worker-31: Launching Executing install in _home_semillero_proyecto-colegio-quipux_fuentes_backend_Colegio] INFO  o.eclipse.m2e.core.internal.Bundles - 	Entry: /home/semillero/.p2/pool/plugins/org.eclipse.m2e.maven.runtime_3.9.900.20240824-1409
2024-12-02 16:42:45,903 [Worker-31: Launching Executing install in _home_semillero_proyecto-colegio-quipux_fuentes_backend_Colegio] INFO  o.eclipse.m2e.core.internal.Bundles - 	Entry: /home/semillero/.p2/pool/plugins/org.eclipse.m2e.maven.runtime_3.9.900.20240824-1409/jars/aopalliance-1.0.jar
2024-12-02 16:42:45,903 [Worker-31: Launching Executing install in _home_semillero_proyecto-colegio-quipux_fuentes_backend_Colegio] INFO  o.eclipse.m2e.core.internal.Bundles - 	Entry: /home/semillero/.p2/pool/plugins/org.eclipse.m2e.maven.runtime_3.9.900.20240824-1409/jars/guice-5.1.0.jar
2024-12-02 16:42:45,903 [Worker-31: Launching Executing install in _home_semillero_proyecto-colegio-quipux_fuentes_backend_Colegio] INFO  o.eclipse.m2e.core.internal.Bundles - 	Entry: /home/semillero/.p2/pool/plugins/org.eclipse.m2e.maven.runtime_3.9.900.20240824-1409/jars/httpclient-4.5.14.jar
2024-12-02 16:42:45,903 [Worker-31: Launching Executing install in _home_semillero_proyecto-colegio-quipux_fuentes_backend_Colegio] INFO  o.eclipse.m2e.core.internal.Bundles - 	Entry: /home/semillero/.p2/pool/plugins/org.eclipse.m2e.maven.runtime_3.9.900.20240824-1409/jars/httpcore-4.4.16.jar
2024-12-02 16:42:45,905 [Worker-31: Launching Executing install in _home_semillero_proyecto-colegio-quipux_fuentes_backend_Colegio] INFO  o.eclipse.m2e.core.internal.Bundles - 	Entry: /home/semillero/.p2/pool/plugins/org.eclipse.m2e.maven.runtime_3.9.900.20240824-1409/jars/jansi-2.4.1.jar
2024-12-02 16:42:45,906 [Worker-31: Launching Executing install in _home_semillero_proyecto-colegio-quipux_fuentes_backend_Colegio] INFO  o.eclipse.m2e.core.internal.Bundles - 	Entry: /home/semillero/.p2/pool/plugins/org.eclipse.m2e.maven.runtime_3.9.900.20240824-1409/jars/jcl-over-slf4j-1.7.36.jar
2024-12-02 16:42:45,906 [Worker-31: Launching Executing install in _home_semillero_proyecto-colegio-quipux_fuentes_backend_Colegio] INFO  o.eclipse.m2e.core.internal.Bundles - 	Entry: /home/semillero/.p2/pool/plugins/org.eclipse.m2e.maven.runtime_3.9.900.20240824-1409/jars/maven-artifact-3.9.9.jar
2024-12-02 16:42:45,906 [Worker-31: Launching Executing install in _home_semillero_proyecto-colegio-quipux_fuentes_backend_Colegio] INFO  o.eclipse.m2e.core.internal.Bundles - 	Entry: /home/semillero/.p2/pool/plugins/org.eclipse.m2e.maven.runtime_3.9.900.20240824-1409/jars/maven-builder-support-3.9.9.jar
2024-12-02 16:42:45,906 [Worker-31: Launching Executing install in _home_semillero_proyecto-colegio-quipux_fuentes_backend_Colegio] INFO  o.eclipse.m2e.core.internal.Bundles - 	Entry: /home/semillero/.p2/pool/plugins/org.eclipse.m2e.maven.runtime_3.9.900.20240824-1409/jars/maven-compat-3.9.9.jar
2024-12-02 16:42:45,906 [Worker-31: Launching Executing install in _home_semillero_proyecto-colegio-quipux_fuentes_backend_Colegio] INFO  o.eclipse.m2e.core.internal.Bundles - 	Entry: /home/semillero/.p2/pool/plugins/org.eclipse.m2e.maven.runtime_3.9.900.20240824-1409/jars/maven-core-3.9.9.jar
2024-12-02 16:42:45,906 [Worker-31: Launching Executing install in _home_semillero_proyecto-colegio-quipux_fuentes_backend_Colegio] INFO  o.eclipse.m2e.core.internal.Bundles - 	Entry: /home/semillero/.p2/pool/plugins/org.eclipse.m2e.maven.runtime_3.9.900.20240824-1409/jars/maven-embedder-3.9.9.jar
2024-12-02 16:42:45,906 [Worker-31: Launching Executing install in _home_semillero_proyecto-colegio-quipux_fuentes_backend_Colegio] INFO  o.eclipse.m2e.core.internal.Bundles - 	Entry: /home/semillero/.p2/pool/plugins/org.eclipse.m2e.maven.runtime_3.9.900.20240824-1409/jars/maven-model-3.9.9.jar
2024-12-02 16:42:45,906 [Worker-31: Launching Executing install in _home_semillero_proyecto-colegio-quipux_fuentes_backend_Colegio] INFO  o.eclipse.m2e.core.internal.Bundles - 	Entry: /home/semillero/.p2/pool/plugins/org.eclipse.m2e.maven.runtime_3.9.900.20240824-1409/jars/maven-model-builder-3.9.9.jar
2024-12-02 16:42:45,906 [Worker-31: Launching Executing install in _home_semillero_proyecto-colegio-quipux_fuentes_backend_Colegio] INFO  o.eclipse.m2e.core.internal.Bundles - 	Entry: /home/semillero/.p2/pool/plugins/org.eclipse.m2e.maven.runtime_3.9.900.20240824-1409/jars/maven-plugin-api-3.9.9.jar
2024-12-02 16:42:45,906 [Worker-31: Launching Executing install in _home_semillero_proyecto-colegio-quipux_fuentes_backend_Colegio] INFO  o.eclipse.m2e.core.internal.Bundles - 	Entry: /home/semillero/.p2/pool/plugins/org.eclipse.m2e.maven.runtime_3.9.900.20240824-1409/jars/maven-repository-metadata-3.9.9.jar
2024-12-02 16:42:45,906 [Worker-31: Launching Executing install in _home_semillero_proyecto-colegio-quipux_fuentes_backend_Colegio] INFO  o.eclipse.m2e.core.internal.Bundles - 	Entry: /home/semillero/.p2/pool/plugins/org.eclipse.m2e.maven.runtime_3.9.900.20240824-1409/jars/maven-resolver-api-1.9.22.jar
2024-12-02 16:42:45,906 [Worker-31: Launching Executing install in _home_semillero_proyecto-colegio-quipux_fuentes_backend_Colegio] INFO  o.eclipse.m2e.core.internal.Bundles - 	Entry: /home/semillero/.p2/pool/plugins/org.eclipse.m2e.maven.runtime_3.9.900.20240824-1409/jars/maven-resolver-connector-basic-1.9.22.jar
2024-12-02 16:42:45,906 [Worker-31: Launching Executing install in _home_semillero_proyecto-colegio-quipux_fuentes_backend_Colegio] INFO  o.eclipse.m2e.core.internal.Bundles - 	Entry: /home/semillero/.p2/pool/plugins/org.eclipse.m2e.maven.runtime_3.9.900.20240824-1409/jars/maven-resolver-impl-1.9.22.jar
2024-12-02 16:42:45,906 [Worker-31: Launching Executing install in _home_semillero_proyecto-colegio-quipux_fuentes_backend_Colegio] INFO  o.eclipse.m2e.core.internal.Bundles - 	Entry: /home/semillero/.p2/pool/plugins/org.eclipse.m2e.maven.runtime_3.9.900.20240824-1409/jars/maven-resolver-named-locks-1.9.22.jar
2024-12-02 16:42:45,906 [Worker-31: Launching Executing install in _home_semillero_proyecto-colegio-quipux_fuentes_backend_Colegio] INFO  o.eclipse.m2e.core.internal.Bundles - 	Entry: /home/semillero/.p2/pool/plugins/org.eclipse.m2e.maven.runtime_3.9.900.20240824-1409/jars/maven-resolver-provider-3.9.9.jar
2024-12-02 16:42:45,906 [Worker-31: Launching Executing install in _home_semillero_proyecto-colegio-quipux_fuentes_backend_Colegio] INFO  o.eclipse.m2e.core.internal.Bundles - 	Entry: /home/semillero/.p2/pool/plugins/org.eclipse.m2e.maven.runtime_3.9.900.20240824-1409/jars/maven-resolver-spi-1.9.22.jar
2024-12-02 16:42:45,906 [Worker-31: Launching Executing install in _home_semillero_proyecto-colegio-quipux_fuentes_backend_Colegio] INFO  o.eclipse.m2e.core.internal.Bundles - 	Entry: /home/semillero/.p2/pool/plugins/org.eclipse.m2e.maven.runtime_3.9.900.20240824-1409/jars/maven-resolver-transport-file-1.9.22.jar
2024-12-02 16:42:45,906 [Worker-31: Launching Executing install in _home_semillero_proyecto-colegio-quipux_fuentes_backend_Colegio] INFO  o.eclipse.m2e.core.internal.Bundles - 	Entry: /home/semillero/.p2/pool/plugins/org.eclipse.m2e.maven.runtime_3.9.900.20240824-1409/jars/maven-resolver-transport-http-1.9.22.jar
2024-12-02 16:42:45,906 [Worker-31: Launching Executing install in _home_semillero_proyecto-colegio-quipux_fuentes_backend_Colegio] INFO  o.eclipse.m2e.core.internal.Bundles - 	Entry: /home/semillero/.p2/pool/plugins/org.eclipse.m2e.maven.runtime_3.9.900.20240824-1409/jars/maven-resolver-transport-wagon-1.9.22.jar
2024-12-02 16:42:45,906 [Worker-31: Launching Executing install in _home_semillero_proyecto-colegio-quipux_fuentes_backend_Colegio] INFO  o.eclipse.m2e.core.internal.Bundles - 	Entry: /home/semillero/.p2/pool/plugins/org.eclipse.m2e.maven.runtime_3.9.900.20240824-1409/jars/maven-resolver-util-1.9.22.jar
2024-12-02 16:42:45,907 [Worker-31: Launching Executing install in _home_semillero_proyecto-colegio-quipux_fuentes_backend_Colegio] INFO  o.eclipse.m2e.core.internal.Bundles - 	Entry: /home/semillero/.p2/pool/plugins/org.eclipse.m2e.maven.runtime_3.9.900.20240824-1409/jars/maven-settings-3.9.9.jar
2024-12-02 16:42:45,907 [Worker-31: Launching Executing install in _home_semillero_proyecto-colegio-quipux_fuentes_backend_Colegio] INFO  o.eclipse.m2e.core.internal.Bundles - 	Entry: /home/semillero/.p2/pool/plugins/org.eclipse.m2e.maven.runtime_3.9.900.20240824-1409/jars/maven-settings-builder-3.9.9.jar
2024-12-02 16:42:45,907 [Worker-31: Launching Executing install in _home_semillero_proyecto-colegio-quipux_fuentes_backend_Colegio] INFO  o.eclipse.m2e.core.internal.Bundles - 	Entry: /home/semillero/.p2/pool/plugins/org.eclipse.m2e.maven.runtime_3.9.900.20240824-1409/jars/maven-shared-utils-3.4.2.jar
2024-12-02 16:42:45,907 [Worker-31: Launching Executing install in _home_semillero_proyecto-colegio-quipux_fuentes_backend_Colegio] INFO  o.eclipse.m2e.core.internal.Bundles - 	Entry: /home/semillero/.p2/pool/plugins/org.eclipse.m2e.maven.runtime_3.9.900.20240824-1409/jars/org.eclipse.sisu.inject-0.9.0.M3.jar
2024-12-02 16:42:45,907 [Worker-31: Launching Executing install in _home_semillero_proyecto-colegio-quipux_fuentes_backend_Colegio] INFO  o.eclipse.m2e.core.internal.Bundles - 	Entry: /home/semillero/.p2/pool/plugins/org.eclipse.m2e.maven.runtime_3.9.900.20240824-1409/jars/org.eclipse.sisu.plexus-0.9.0.M3.jar
2024-12-02 16:42:45,907 [Worker-31: Launching Executing install in _home_semillero_proyecto-colegio-quipux_fuentes_backend_Colegio] INFO  o.eclipse.m2e.core.internal.Bundles - 	Entry: /home/semillero/.p2/pool/plugins/org.eclipse.m2e.maven.runtime_3.9.900.20240824-1409/jars/plexus-build-api-0.0.7.jar
2024-12-02 16:42:45,907 [Worker-31: Launching Executing install in _home_semillero_proyecto-colegio-quipux_fuentes_backend_Colegio] INFO  o.eclipse.m2e.core.internal.Bundles - 	Entry: /home/semillero/.p2/pool/plugins/org.eclipse.m2e.maven.runtime_3.9.900.20240824-1409/jars/plexus-build-api-1.2.0.jar
2024-12-02 16:42:45,907 [Worker-31: Launching Executing install in _home_semillero_proyecto-colegio-quipux_fuentes_backend_Colegio] INFO  o.eclipse.m2e.core.internal.Bundles - 	Entry: /home/semillero/.p2/pool/plugins/org.eclipse.m2e.maven.runtime_3.9.900.20240824-1409/jars/plexus-cipher-2.0.jar
2024-12-02 16:42:45,907 [Worker-31: Launching Executing install in _home_semillero_proyecto-colegio-quipux_fuentes_backend_Colegio] INFO  o.eclipse.m2e.core.internal.Bundles - 	Entry: /home/semillero/.p2/pool/plugins/org.eclipse.m2e.maven.runtime_3.9.900.20240824-1409/jars/plexus-classworlds-2.8.0.jar
2024-12-02 16:42:45,907 [Worker-31: Launching Executing install in _home_semillero_proyecto-colegio-quipux_fuentes_backend_Colegio] INFO  o.eclipse.m2e.core.internal.Bundles - 	Entry: /home/semillero/.p2/pool/plugins/org.eclipse.m2e.maven.runtime_3.9.900.20240824-1409/jars/plexus-component-annotations-2.1.0.jar
2024-12-02 16:42:45,907 [Worker-31: Launching Executing install in _home_semillero_proyecto-colegio-quipux_fuentes_backend_Colegio] INFO  o.eclipse.m2e.core.internal.Bundles - 	Entry: /home/semillero/.p2/pool/plugins/org.eclipse.m2e.maven.runtime_3.9.900.20240824-1409/jars/plexus-interpolation-1.27.jar
2024-12-02 16:42:45,907 [Worker-31: Launching Executing install in _home_semillero_proyecto-colegio-quipux_fuentes_backend_Colegio] INFO  o.eclipse.m2e.core.internal.Bundles - 	Entry: /home/semillero/.p2/pool/plugins/org.eclipse.m2e.maven.runtime_3.9.900.20240824-1409/jars/plexus-sec-dispatcher-2.0.jar
2024-12-02 16:42:45,907 [Worker-31: Launching Executing install in _home_semillero_proyecto-colegio-quipux_fuentes_backend_Colegio] INFO  o.eclipse.m2e.core.internal.Bundles - 	Entry: /home/semillero/.p2/pool/plugins/org.eclipse.m2e.maven.runtime_3.9.900.20240824-1409/jars/plexus-utils-3.5.1.jar
2024-12-02 16:42:45,907 [Worker-31: Launching Executing install in _home_semillero_proyecto-colegio-quipux_fuentes_backend_Colegio] INFO  o.eclipse.m2e.core.internal.Bundles - 	Entry: /home/semillero/.p2/pool/plugins/org.eclipse.m2e.maven.runtime_3.9.900.20240824-1409/jars/plexus-xml-3.0.1.jar
2024-12-02 16:42:45,907 [Worker-31: Launching Executing install in _home_semillero_proyecto-colegio-quipux_fuentes_backend_Colegio] INFO  o.eclipse.m2e.core.internal.Bundles - 	Entry: /home/semillero/.p2/pool/plugins/org.eclipse.m2e.maven.runtime_3.9.900.20240824-1409/jars/wagon-file-3.5.3.jar
2024-12-02 16:42:45,907 [Worker-31: Launching Executing install in _home_semillero_proyecto-colegio-quipux_fuentes_backend_Colegio] INFO  o.eclipse.m2e.core.internal.Bundles - 	Entry: /home/semillero/.p2/pool/plugins/org.eclipse.m2e.maven.runtime_3.9.900.20240824-1409/jars/wagon-http-3.5.3.jar
2024-12-02 16:42:45,907 [Worker-31: Launching Executing install in _home_semillero_proyecto-colegio-quipux_fuentes_backend_Colegio] INFO  o.eclipse.m2e.core.internal.Bundles - 	Entry: /home/semillero/.p2/pool/plugins/org.eclipse.m2e.maven.runtime_3.9.900.20240824-1409/jars/wagon-http-shared-3.5.3.jar
2024-12-02 16:42:45,907 [Worker-31: Launching Executing install in _home_semillero_proyecto-colegio-quipux_fuentes_backend_Colegio] INFO  o.eclipse.m2e.core.internal.Bundles - 	Entry: /home/semillero/.p2/pool/plugins/org.eclipse.m2e.maven.runtime_3.9.900.20240824-1409/jars/wagon-provider-api-3.5.3.jar
2024-12-02 16:42:45,908 [Worker-31: Launching Executing install in _home_semillero_proyecto-colegio-quipux_fuentes_backend_Colegio] INFO  o.eclipse.m2e.core.internal.Bundles - getClasspathEntries(Bundle=com.google.guava_33.3.0.jre [16])
2024-12-02 16:42:45,908 [Worker-31: Launching Executing install in _home_semillero_proyecto-colegio-quipux_fuentes_backend_Colegio] INFO  o.eclipse.m2e.core.internal.Bundles - 	Entry: /home/semillero/.p2/pool/plugins/com.google.guava_33.3.0.jre.jar
2024-12-02 16:42:45,908 [Worker-31: Launching Executing install in _home_semillero_proyecto-colegio-quipux_fuentes_backend_Colegio] INFO  o.eclipse.m2e.core.internal.Bundles - getClasspathEntries(Bundle=slf4j.api_2.0.16 [1004])
2024-12-02 16:42:45,908 [Worker-31: Launching Executing install in _home_semillero_proyecto-colegio-quipux_fuentes_backend_Colegio] INFO  o.eclipse.m2e.core.internal.Bundles - 	Entry: /home/semillero/.p2/pool/plugins/slf4j.api_2.0.16.jar
2024-12-02 16:42:45,908 [Worker-31: Launching Executing install in _home_semillero_proyecto-colegio-quipux_fuentes_backend_Colegio] INFO  o.eclipse.m2e.core.internal.Bundles - getClasspathEntries(Bundle=jakarta.inject.jakarta.inject-api_1.0.5 [34])
2024-12-02 16:42:45,908 [Worker-31: Launching Executing install in _home_semillero_proyecto-colegio-quipux_fuentes_backend_Colegio] INFO  o.eclipse.m2e.core.internal.Bundles - 	Entry: /home/semillero/.p2/pool/plugins/jakarta.inject.jakarta.inject-api_1.0.5.jar
2024-12-02 16:42:45,908 [Worker-31: Launching Executing install in _home_semillero_proyecto-colegio-quipux_fuentes_backend_Colegio] INFO  o.eclipse.m2e.core.internal.Bundles - getClasspathEntries(Bundle=jakarta.annotation-api_1.3.5 [29])
2024-12-02 16:42:45,908 [Worker-31: Launching Executing install in _home_semillero_proyecto-colegio-quipux_fuentes_backend_Colegio] INFO  o.eclipse.m2e.core.internal.Bundles - 	Entry: /home/semillero/.p2/pool/plugins/jakarta.annotation-api_1.3.5.jar
2024-12-02 16:42:45,908 [Worker-31: Launching Executing install in _home_semillero_proyecto-colegio-quipux_fuentes_backend_Colegio] INFO  o.eclipse.m2e.core.internal.Bundles - getClasspathEntries(Bundle=org.apache.commons.cli_1.9.0 [78])
2024-12-02 16:42:45,908 [Worker-31: Launching Executing install in _home_semillero_proyecto-colegio-quipux_fuentes_backend_Colegio] INFO  o.eclipse.m2e.core.internal.Bundles - 	Entry: /home/semillero/.p2/pool/plugins/org.apache.commons.cli_1.9.0.jar
2024-12-02 16:42:45,908 [Worker-31: Launching Executing install in _home_semillero_proyecto-colegio-quipux_fuentes_backend_Colegio] INFO  o.eclipse.m2e.core.internal.Bundles - getClasspathEntries(Bundle=org.apache.commons.commons-codec_1.16.0 [81])
2024-12-02 16:42:45,909 [Worker-31: Launching Executing install in _home_semillero_proyecto-colegio-quipux_fuentes_backend_Colegio] INFO  o.eclipse.m2e.core.internal.Bundles - 	Entry: /home/semillero/.p2/pool/plugins/org.apache.commons.commons-codec_1.16.0.jar
2024-12-02 16:42:45,909 [Worker-31: Launching Executing install in _home_semillero_proyecto-colegio-quipux_fuentes_backend_Colegio] INFO  o.eclipse.m2e.core.internal.Bundles - getClasspathEntries(Bundle=com.google.guava.failureaccess_1.0.2 [17])
2024-12-02 16:42:45,909 [Worker-31: Launching Executing install in _home_semillero_proyecto-colegio-quipux_fuentes_backend_Colegio] INFO  o.eclipse.m2e.core.internal.Bundles - 	Entry: /home/semillero/.p2/pool/plugins/com.google.guava.failureaccess_1.0.2.jar
2024-12-02 16:42:45,914 [Worker-31: Launching Executing install in _home_semillero_proyecto-colegio-quipux_fuentes_backend_Colegio] INFO  o.e.m.i.launch.MavenLaunchDelegate - Run build in "/home/semillero/proyecto-colegio-quipux/fuentes/backend/Colegio":
2024-12-02 16:42:45,915 [Worker-31: Launching Executing install in _home_semillero_proyecto-colegio-quipux_fuentes_backend_Colegio] INFO  o.e.m.i.launch.MavenLaunchDelegate -  mvn  -B -Dstyle.color=always install
2025-10-05 15:23:07,907 [Worker-4: Loading available Gradle versions] INFO  o.e.b.c.i.u.g.PublishedGradleVersions - Gradle version information cache is out-of-date. Trying to update.
2025-10-05 15:48:56,745 [Worker-16: Building] WARN  o.a.m.s.f.DefaultMavenResourcesFiltering - Using platform encoding (UTF-8 actually) to copy filtered resources, i.e. build is platform dependent!
2025-10-05 15:48:56,920 [Worker-16: Building] INFO  o.a.m.s.f.DefaultMavenResourcesFiltering - Copying 1 resource from src/main/resources to target/classes
2025-10-05 15:48:56,961 [Worker-16: Building] WARN  o.a.m.s.f.DefaultMavenResourcesFiltering - Using platform encoding (UTF-8 actually) to copy filtered resources, i.e. build is platform dependent!
2025-10-05 15:48:56,961 [Worker-16: Building] INFO  o.a.m.s.f.DefaultMavenResourcesFiltering - skip non existing resourceDirectory /home/semillero/proyecto-colegio-quipux/fuentes/backend/Colegio/src/test/resources
2025-10-05 15:54:41,713 [Worker-19: Building] WARN  o.a.m.s.f.DefaultMavenResourcesFiltering - Using platform encoding (UTF-8 actually) to copy filtered resources, i.e. build is platform dependent!
2025-10-05 15:54:41,790 [Worker-19: Building] INFO  o.a.m.s.f.DefaultMavenResourcesFiltering - Copying 1 resource from src/main/resources to target/classes
2025-10-05 15:54:41,914 [Worker-19: Building] WARN  o.a.m.s.f.DefaultMavenResourcesFiltering - Using platform encoding (UTF-8 actually) to copy filtered resources, i.e. build is platform dependent!
2025-10-05 15:54:41,926 [Worker-19: Building] INFO  o.a.m.s.f.DefaultMavenResourcesFiltering - skip non existing resourceDirectory /home/semillero/proyecto-colegio-quipux/fuentes/backend/Colegio/src/test/resources
2025-10-05 22:12:12,616 [Worker-2: Loading available Gradle versions] INFO  o.e.b.c.i.u.g.PublishedGradleVersions - Gradle version information cache is up-to-date. Trying to read.
2025-10-05 22:36:47,059 [Worker-21: Building] WARN  o.a.m.s.f.DefaultMavenResourcesFiltering - Using platform encoding (UTF-8 actually) to copy filtered resources, i.e. build is platform dependent!
2025-10-05 22:36:47,141 [Worker-21: Building] INFO  o.a.m.s.f.DefaultMavenResourcesFiltering - Copying 1 resource from src/main/resources to target/classes
2025-10-05 22:36:47,177 [Worker-21: Building] WARN  o.a.m.s.f.DefaultMavenResourcesFiltering - Using platform encoding (UTF-8 actually) to copy filtered resources, i.e. build is platform dependent!
2025-10-05 22:36:47,177 [Worker-21: Building] INFO  o.a.m.s.f.DefaultMavenResourcesFiltering - skip non existing resourceDirectory /home/semillero/proyecto-colegio-quipux/fuentes/backend/Colegio/src/test/resources
2025-10-05 22:53:29,159 [Worker-26: Building] WARN  o.a.m.s.f.DefaultMavenResourcesFiltering - Using platform encoding (UTF-8 actually) to copy filtered resources, i.e. build is platform dependent!
2025-10-05 22:53:29,227 [Worker-26: Building] INFO  o.a.m.s.f.DefaultMavenResourcesFiltering - Copying 1 resource from src/main/resources to target/classes
2025-10-05 22:53:29,236 [Worker-26: Building] WARN  o.a.m.s.f.DefaultMavenResourcesFiltering - Using platform encoding (UTF-8 actually) to copy filtered resources, i.e. build is platform dependent!
2025-10-05 22:53:29,237 [Worker-26: Building] INFO  o.a.m.s.f.DefaultMavenResourcesFiltering - skip non existing resourceDirectory /home/semillero/proyecto-colegio-quipux/fuentes/backend/Colegio/src/test/resources
2025-10-05 22:55:18,532 [Worker-24: Building] WARN  o.a.m.s.f.DefaultMavenResourcesFiltering - Using platform encoding (UTF-8 actually) to copy filtered resources, i.e. build is platform dependent!
2025-10-05 22:55:18,547 [Worker-24: Building] INFO  o.a.m.s.f.DefaultMavenResourcesFiltering - Copying 1 resource from src/main/resources to target/classes
2025-10-05 22:55:18,554 [Worker-24: Building] WARN  o.a.m.s.f.DefaultMavenResourcesFiltering - Using platform encoding (UTF-8 actually) to copy filtered resources, i.e. build is platform dependent!
2025-10-05 22:55:18,557 [Worker-24: Building] INFO  o.a.m.s.f.DefaultMavenResourcesFiltering - skip non existing resourceDirectory /home/semillero/proyecto-colegio-quipux/fuentes/backend/Colegio/src/test/resources
2025-10-05 23:04:30,356 [Worker-36: Building] WARN  o.a.m.s.f.DefaultMavenResourcesFiltering - Using platform encoding (UTF-8 actually) to copy filtered resources, i.e. build is platform dependent!
2025-10-05 23:04:30,361 [Worker-36: Building] INFO  o.a.m.s.f.DefaultMavenResourcesFiltering - Copying 1 resource from src/main/resources to target/classes
2025-10-05 23:04:30,364 [Worker-36: Building] WARN  o.a.m.s.f.DefaultMavenResourcesFiltering - Using platform encoding (UTF-8 actually) to copy filtered resources, i.e. build is platform dependent!
2025-10-05 23:04:30,365 [Worker-36: Building] INFO  o.a.m.s.f.DefaultMavenResourcesFiltering - skip non existing resourceDirectory /home/semillero/proyecto-colegio-quipux/fuentes/backend/Colegio/src/test/resources
2025-10-05 23:04:55,131 [Worker-36: Building] WARN  o.a.m.s.f.DefaultMavenResourcesFiltering - Using platform encoding (UTF-8 actually) to copy filtered resources, i.e. build is platform dependent!
2025-10-05 23:04:55,158 [Worker-36: Building] INFO  o.a.m.s.f.DefaultMavenResourcesFiltering - Copying 1 resource from src/main/resources to target/classes
2025-10-05 23:04:55,190 [Worker-36: Building] WARN  o.a.m.s.f.DefaultMavenResourcesFiltering - Using platform encoding (UTF-8 actually) to copy filtered resources, i.e. build is platform dependent!
2025-10-05 23:04:55,192 [Worker-36: Building] INFO  o.a.m.s.f.DefaultMavenResourcesFiltering - skip non existing resourceDirectory /home/semillero/proyecto-colegio-quipux/fuentes/backend/Colegio/src/test/resources
2025-10-05 23:06:07,037 [Worker-37: Building] WARN  o.a.m.s.f.DefaultMavenResourcesFiltering - Using platform encoding (UTF-8 actually) to copy filtered resources, i.e. build is platform dependent!
2025-10-05 23:06:07,045 [Worker-37: Building] INFO  o.a.m.s.f.DefaultMavenResourcesFiltering - Copying 1 resource from src/main/resources to target/classes
2025-10-05 23:06:07,062 [Worker-37: Building] WARN  o.a.m.s.f.DefaultMavenResourcesFiltering - Using platform encoding (UTF-8 actually) to copy filtered resources, i.e. build is platform dependent!
2025-10-05 23:06:07,063 [Worker-37: Building] INFO  o.a.m.s.f.DefaultMavenResourcesFiltering - skip non existing resourceDirectory /home/semillero/proyecto-colegio-quipux/fuentes/backend/Colegio/src/test/resources
2025-10-05 23:13:48,484 [Worker-37: Building] WARN  o.a.m.s.f.DefaultMavenResourcesFiltering - Using platform encoding (UTF-8 actually) to copy filtered resources, i.e. build is platform dependent!
2025-10-05 23:13:48,631 [Worker-37: Building] INFO  o.a.m.s.f.DefaultMavenResourcesFiltering - Copying 1 resource from src/main/resources to target/classes
2025-10-05 23:13:48,657 [Worker-37: Building] WARN  o.a.m.s.f.DefaultMavenResourcesFiltering - Using platform encoding (UTF-8 actually) to copy filtered resources, i.e. build is platform dependent!
2025-10-05 23:13:48,661 [Worker-37: Building] INFO  o.a.m.s.f.DefaultMavenResourcesFiltering - skip non existing resourceDirectory /home/semillero/proyecto-colegio-quipux/fuentes/backend/Colegio/src/test/resources
2025-10-05 23:18:41,441 [Worker-46: Building] WARN  o.a.m.s.f.DefaultMavenResourcesFiltering - Using platform encoding (UTF-8 actually) to copy filtered resources, i.e. build is platform dependent!
2025-10-05 23:18:41,476 [Worker-46: Building] INFO  o.a.m.s.f.DefaultMavenResourcesFiltering - Copying 1 resource from src/main/resources to target/classes
2025-10-05 23:18:41,504 [Worker-46: Building] WARN  o.a.m.s.f.DefaultMavenResourcesFiltering - Using platform encoding (UTF-8 actually) to copy filtered resources, i.e. build is platform dependent!
2025-10-05 23:18:41,505 [Worker-46: Building] INFO  o.a.m.s.f.DefaultMavenResourcesFiltering - skip non existing resourceDirectory /home/semillero/proyecto-colegio-quipux/fuentes/backend/Colegio/src/test/resources
2025-10-06 19:41:38,598 [Worker-2: Loading available Gradle versions] INFO  o.e.b.c.i.u.g.PublishedGradleVersions - Gradle version information cache is out-of-date. Trying to update.
2025-10-06 20:04:25,137 [Worker-17: Building] WARN  o.a.m.s.f.DefaultMavenResourcesFiltering - Using platform encoding (UTF-8 actually) to copy filtered resources, i.e. build is platform dependent!
2025-10-06 20:04:25,209 [Worker-17: Building] INFO  o.a.m.s.f.DefaultMavenResourcesFiltering - Copying 1 resource from src/main/resources to target/classes
2025-10-06 20:04:25,284 [Worker-17: Building] WARN  o.a.m.s.f.DefaultMavenResourcesFiltering - Using platform encoding (UTF-8 actually) to copy filtered resources, i.e. build is platform dependent!
2025-10-06 20:04:25,284 [Worker-17: Building] INFO  o.a.m.s.f.DefaultMavenResourcesFiltering - skip non existing resourceDirectory /home/semillero/proyecto-colegio-quipux/fuentes/backend/Colegio/src/test/resources
2025-10-06 20:37:53,549 [Worker-25: Building] WARN  o.a.m.s.f.DefaultMavenResourcesFiltering - Using platform encoding (UTF-8 actually) to copy filtered resources, i.e. build is platform dependent!
2025-10-06 20:37:53,654 [Worker-25: Building] INFO  o.a.m.s.f.DefaultMavenResourcesFiltering - Copying 1 resource from src/main/resources to target/classes
2025-10-06 20:37:53,919 [Worker-25: Building] WARN  o.a.m.s.f.DefaultMavenResourcesFiltering - Using platform encoding (UTF-8 actually) to copy filtered resources, i.e. build is platform dependent!
2025-10-06 20:37:53,971 [Worker-25: Building] INFO  o.a.m.s.f.DefaultMavenResourcesFiltering - skip non existing resourceDirectory /home/semillero/proyecto-colegio-quipux/fuentes/backend/Colegio/src/test/resources
2025-10-06 21:21:20,977 [Worker-42: Building] WARN  o.a.m.s.f.DefaultMavenResourcesFiltering - Using platform encoding (UTF-8 actually) to copy filtered resources, i.e. build is platform dependent!
2025-10-06 21:21:20,995 [Worker-42: Building] INFO  o.a.m.s.f.DefaultMavenResourcesFiltering - Copying 1 resource from src/main/resources to target/classes
2025-10-06 21:21:21,043 [Worker-42: Building] WARN  o.a.m.s.f.DefaultMavenResourcesFiltering - Using platform encoding (UTF-8 actually) to copy filtered resources, i.e. build is platform dependent!
2025-10-06 21:21:21,206 [Worker-42: Building] INFO  o.a.m.s.f.DefaultMavenResourcesFiltering - skip non existing resourceDirectory /home/semillero/proyecto-colegio-quipux/fuentes/backend/Colegio/src/test/resources
2025-10-08 09:06:51,714 [Worker-0: Loading available Gradle versions] INFO  o.e.b.c.i.u.g.PublishedGradleVersions - Gradle version information cache is out-of-date. Trying to update.
2025-10-08 09:12:12,028 [Worker-14: Building] WARN  o.a.m.s.f.DefaultMavenResourcesFiltering - Using platform encoding (UTF-8 actually) to copy filtered resources, i.e. build is platform dependent!
2025-10-08 09:12:12,050 [Worker-14: Building] INFO  o.a.m.s.f.DefaultMavenResourcesFiltering - Copying 1 resource from src/main/resources to target/classes
2025-10-08 09:12:12,093 [Worker-14: Building] WARN  o.a.m.s.f.DefaultMavenResourcesFiltering - Using platform encoding (UTF-8 actually) to copy filtered resources, i.e. build is platform dependent!
2025-10-08 09:12:12,095 [Worker-14: Building] INFO  o.a.m.s.f.DefaultMavenResourcesFiltering - skip non existing resourceDirectory /home/semillero/proyecto-colegio-quipux/fuentes/backend/Colegio/src/test/resources
2025-10-08 09:15:58,914 [Worker-21: Building] WARN  o.a.m.s.f.DefaultMavenResourcesFiltering - Using platform encoding (UTF-8 actually) to copy filtered resources, i.e. build is platform dependent!
2025-10-08 09:15:58,920 [Worker-21: Building] INFO  o.a.m.s.f.DefaultMavenResourcesFiltering - Copying 1 resource from src/main/resources to target/classes
2025-10-08 09:15:58,943 [Worker-21: Building] WARN  o.a.m.s.f.DefaultMavenResourcesFiltering - Using platform encoding (UTF-8 actually) to copy filtered resources, i.e. build is platform dependent!
2025-10-08 09:15:58,944 [Worker-21: Building] INFO  o.a.m.s.f.DefaultMavenResourcesFiltering - skip non existing resourceDirectory /home/semillero/proyecto-colegio-quipux/fuentes/backend/Colegio/src/test/resources
2025-10-08 09:48:02,490 [Worker-31: Building] WARN  o.a.m.s.f.DefaultMavenResourcesFiltering - Using platform encoding (UTF-8 actually) to copy filtered resources, i.e. build is platform dependent!
2025-10-08 09:48:02,516 [Worker-31: Building] INFO  o.a.m.s.f.DefaultMavenResourcesFiltering - Copying 1 resource from src/main/resources to target/classes
2025-10-08 09:48:02,539 [Worker-31: Building] WARN  o.a.m.s.f.DefaultMavenResourcesFiltering - Using platform encoding (UTF-8 actually) to copy filtered resources, i.e. build is platform dependent!
2025-10-08 09:48:02,547 [Worker-31: Building] INFO  o.a.m.s.f.DefaultMavenResourcesFiltering - skip non existing resourceDirectory /home/semillero/proyecto-colegio-quipux/fuentes/backend/Colegio/src/test/resources
2025-10-08 09:50:07,622 [Worker-34: Building] WARN  o.a.m.s.f.DefaultMavenResourcesFiltering - Using platform encoding (UTF-8 actually) to copy filtered resources, i.e. build is platform dependent!
2025-10-08 09:50:07,632 [Worker-34: Building] INFO  o.a.m.s.f.DefaultMavenResourcesFiltering - Copying 1 resource from src/main/resources to target/classes
2025-10-08 09:50:07,634 [Worker-34: Building] WARN  o.a.m.s.f.DefaultMavenResourcesFiltering - Using platform encoding (UTF-8 actually) to copy filtered resources, i.e. build is platform dependent!
2025-10-08 09:50:07,635 [Worker-34: Building] INFO  o.a.m.s.f.DefaultMavenResourcesFiltering - skip non existing resourceDirectory /home/semillero/proyecto-colegio-quipux/fuentes/backend/Colegio/src/test/resources
2025-10-08 10:23:17,480 [Worker-35: Building] WARN  o.a.m.s.f.DefaultMavenResourcesFiltering - Using platform encoding (UTF-8 actually) to copy filtered resources, i.e. build is platform dependent!
2025-10-08 10:23:17,678 [Worker-35: Building] INFO  o.a.m.s.f.DefaultMavenResourcesFiltering - Copying 1 resource from src/main/resources to target/classes
2025-10-08 10:23:17,704 [Worker-35: Building] WARN  o.a.m.s.f.DefaultMavenResourcesFiltering - Using platform encoding (UTF-8 actually) to copy filtered resources, i.e. build is platform dependent!
2025-10-08 10:23:17,710 [Worker-35: Building] INFO  o.a.m.s.f.DefaultMavenResourcesFiltering - skip non existing resourceDirectory /home/semillero/proyecto-colegio-quipux/fuentes/backend/Colegio/src/test/resources
2025-10-08 10:27:25,094 [Worker-36: Building] WARN  o.a.m.s.f.DefaultMavenResourcesFiltering - Using platform encoding (UTF-8 actually) to copy filtered resources, i.e. build is platform dependent!
2025-10-08 10:27:25,115 [Worker-36: Building] INFO  o.a.m.s.f.DefaultMavenResourcesFiltering - Copying 1 resource from src/main/resources to target/classes
2025-10-08 10:27:25,123 [Worker-36: Building] WARN  o.a.m.s.f.DefaultMavenResourcesFiltering - Using platform encoding (UTF-8 actually) to copy filtered resources, i.e. build is platform dependent!
2025-10-08 10:27:25,124 [Worker-36: Building] INFO  o.a.m.s.f.DefaultMavenResourcesFiltering - skip non existing resourceDirectory /home/semillero/proyecto-colegio-quipux/fuentes/backend/Colegio/src/test/resources
2025-10-08 18:43:20,948 [Worker-3: Loading available Gradle versions] INFO  o.e.b.c.i.u.g.PublishedGradleVersions - Gradle version information cache is up-to-date. Trying to read.
2025-10-08 20:51:44,222 [Worker-5: Loading available Gradle versions] INFO  o.e.b.c.i.u.g.PublishedGradleVersions - Gradle version information cache is up-to-date. Trying to read.
